c:\_programming_\_portfolio\graffiti\server\server\x64\debug\vc141.pdb
c:\_programming_\_portfolio\graffiti\server\server\x64\debug\vc141.idb
c:\_programming_\_portfolio\graffiti\server\server\x64\debug\mainmanager.obj
c:\_programming_\_portfolio\graffiti\server\server\x64\debug\ingamemanager.obj
c:\_programming_\_portfolio\graffiti\server\server\x64\debug\sessionmanager.obj
c:\_programming_\_portfolio\graffiti\server\server\x64\debug\server.pch
c:\_programming_\_portfolio\graffiti\server\server\x64\debug\stdafx.obj
c:\_programming_\_portfolio\graffiti\server\server\x64\debug\utilitymanager.obj
c:\_programming_\_portfolio\graffiti\server\server\x64\debug\roommanager.obj
c:\_programming_\_portfolio\graffiti\server\server\x64\debug\randommanager.obj
c:\_programming_\_portfolio\graffiti\server\server\x64\debug\matchmanager.obj
c:\_programming_\_portfolio\graffiti\server\server\x64\debug\main.obj
c:\_programming_\_portfolio\graffiti\server\server\x64\debug\logmanager.obj
c:\_programming_\_portfolio\graffiti\server\server\x64\debug\loginmanager.obj
c:\_programming_\_portfolio\graffiti\server\server\x64\debug\lobbymanager.obj
c:\_programming_\_portfolio\graffiti\server\server\x64\debug\databasemanager.obj
c:\_programming_\_portfolio\graffiti\server\server\x64\debug\c_socket.obj
c:\_programming_\_portfolio\graffiti\server\server\x64\debug\c_select.obj
c:\_programming_\_portfolio\graffiti\server\server\x64\debug\c_sector.obj
c:\_programming_\_portfolio\graffiti\server\server\x64\debug\c_packet.obj
c:\_programming_\_portfolio\graffiti\server\server\x64\debug\c_iocp.obj
c:\_programming_\_portfolio\graffiti\server\server\x64\debug\c_encrypt.obj
c:\_programming_\_portfolio\graffiti\server\server\x64\debug\c_clientinfo.obj
c:\_programming_\_portfolio\graffiti\server\server\x64\debug\chatmanager.obj
c:\_programming_\_portfolio\graffiti\server\x64\debug\server.exe
c:\_programming_\_portfolio\graffiti\server\x64\debug\server.ilk
c:\_programming_\_portfolio\graffiti\server\x64\debug\server.pdb
c:\_programming_\_portfolio\graffiti\server\server\x64\debug\nativecodeanalysis.read.1.tlog
c:\_programming_\_portfolio\graffiti\server\server\x64\debug\chatmanager.nativecodeanalysis.xml
c:\_programming_\_portfolio\graffiti\server\server\x64\debug\c_clientinfo.nativecodeanalysis.xml
c:\_programming_\_portfolio\graffiti\server\server\x64\debug\c_encrypt.nativecodeanalysis.xml
c:\_programming_\_portfolio\graffiti\server\server\x64\debug\c_iocp.nativecodeanalysis.xml
c:\_programming_\_portfolio\graffiti\server\server\x64\debug\c_packet.nativecodeanalysis.xml
c:\_programming_\_portfolio\graffiti\server\server\x64\debug\c_sector.nativecodeanalysis.xml
c:\_programming_\_portfolio\graffiti\server\server\x64\debug\c_select.nativecodeanalysis.xml
c:\_programming_\_portfolio\graffiti\server\server\x64\debug\c_socket.nativecodeanalysis.xml
c:\_programming_\_portfolio\graffiti\server\server\x64\debug\databasemanager.nativecodeanalysis.xml
c:\_programming_\_portfolio\graffiti\server\server\x64\debug\ingamemanager.nativecodeanalysis.xml
c:\_programming_\_portfolio\graffiti\server\server\x64\debug\lobbymanager.nativecodeanalysis.xml
c:\_programming_\_portfolio\graffiti\server\server\x64\debug\loginmanager.nativecodeanalysis.xml
c:\_programming_\_portfolio\graffiti\server\server\x64\debug\logmanager.nativecodeanalysis.xml
c:\_programming_\_portfolio\graffiti\server\server\x64\debug\main.nativecodeanalysis.xml
c:\_programming_\_portfolio\graffiti\server\server\x64\debug\mainmanager.nativecodeanalysis.xml
c:\_programming_\_portfolio\graffiti\server\server\x64\debug\matchmanager.nativecodeanalysis.xml
c:\_programming_\_portfolio\graffiti\server\server\x64\debug\randommanager.nativecodeanalysis.xml
c:\_programming_\_portfolio\graffiti\server\server\x64\debug\roommanager.nativecodeanalysis.xml
c:\_programming_\_portfolio\graffiti\server\server\x64\debug\sessionmanager.nativecodeanalysis.xml
c:\_programming_\_portfolio\graffiti\server\server\x64\debug\stdafx.nativecodeanalysis.xml
c:\_programming_\_portfolio\graffiti\server\server\x64\debug\utilitymanager.nativecodeanalysis.xml
c:\_programming_\_portfolio\graffiti\server\server\x64\debug\vc.nativecodeanalysis.all.xml
c:\_programming_\_portfolio\graffiti\server\server\x64\debug\server.tlog\cl.command.1.tlog
c:\_programming_\_portfolio\graffiti\server\server\x64\debug\server.tlog\cl.read.1.tlog
c:\_programming_\_portfolio\graffiti\server\server\x64\debug\server.tlog\cl.write.1.tlog
c:\_programming_\_portfolio\graffiti\server\server\x64\debug\server.tlog\link.command.1.tlog
c:\_programming_\_portfolio\graffiti\server\server\x64\debug\server.tlog\link.read.1.tlog
c:\_programming_\_portfolio\graffiti\server\server\x64\debug\server.tlog\link.write.1.tlog
