  ChatManager.cpp
c:\users\kgl87\onedrive\문서\github\ㅁㅅ\graffiti\server\server\chatmanager.cpp(30): warning C4267: '초기화 중': 'size_t'에서 'int'(으)로 변환하면서 데이터가 손실될 수 있습니다.
  C_ClientInfo.cpp
  C_Encrypt.cpp
  C_IOCP.cpp
  C_Packet.cpp
  C_Select.cpp
  C_Socket.cpp
  DatabaseManager.cpp
  InGameManager.cpp
c:\users\kgl87\onedrive\문서\github\ㅁㅅ\graffiti\server\server\ingamemanager.cpp(31): warning C4267: '초기화 중': 'size_t'에서 'int'(으)로 변환하면서 데이터가 손실될 수 있습니다.
c:\users\kgl87\onedrive\문서\github\ㅁㅅ\graffiti\server\server\ingamemanager.cpp(116): warning C4101: 'mainW' :참조되지 않은 지역 변수입니다.
c:\users\kgl87\onedrive\문서\github\ㅁㅅ\graffiti\server\server\ingamemanager.cpp(116): warning C4101: 'subW' :참조되지 않은 지역 변수입니다.
  LobbyManager.cpp
c:\users\kgl87\onedrive\문서\github\ㅁㅅ\graffiti\server\server\lobbymanager.cpp(33): warning C4267: '초기화 중': 'size_t'에서 'int'(으)로 변환하면서 데이터가 손실될 수 있습니다.
  LoginManager.cpp
c:\users\kgl87\onedrive\문서\github\ㅁㅅ\graffiti\server\server\loginmanager.cpp(40): warning C4267: '초기화 중': 'size_t'에서 'int'(으)로 변환하면서 데이터가 손실될 수 있습니다.
  LogManager.cpp
  Main.cpp
  MainManager.cpp
  MatchManager.cpp
  RoomManager.cpp
  SessionManager.cpp
  UtilityManager.cpp
c:\users\kgl87\onedrive\문서\github\ㅁㅅ\graffiti\server\server\utilitymanager.cpp(40): warning C4267: '인수': 'size_t'에서 'int'(으)로 변환하면서 데이터가 손실될 수 있습니다.
c:\users\kgl87\onedrive\문서\github\ㅁㅅ\graffiti\server\server\utilitymanager.cpp(41): warning C4267: '인수': 'size_t'에서 'int'(으)로 변환하면서 데이터가 손실될 수 있습니다.
  코드를 생성하고 있습니다...
  Server.vcxproj -> C:\Users\kgl87\OneDrive\문서\GitHub\ㅁㅅ\Graffiti\Server\x64\Debug\Server.exe
