  ChatManager.cpp
e:\unity\projects\forgithub\graffiti\graffiti_server&client\server\server\chatmanager.cpp(30): warning C4267: '초기화 중': 'size_t'에서 'int'(으)로 변환하면서 데이터가 손실될 수 있습니다.
  C_ClientInfo.cpp
e:\unity\projects\forgithub\graffiti\graffiti_server&client\server\server\databasemanager.h(3): fatal error C1083: 포함 파일을 열 수 없습니다. 'mysql.h': No such file or directory
  C_Encrypt.cpp
  C_IOCP.cpp
  C_Packet.cpp
  C_Select.cpp
  C_Socket.cpp
  DatabaseManager.cpp
e:\unity\projects\forgithub\graffiti\graffiti_server&client\server\server\databasemanager.h(3): fatal error C1083: 포함 파일을 열 수 없습니다. 'mysql.h': No such file or directory
  InGameManager.cpp
e:\unity\projects\forgithub\graffiti\graffiti_server&client\server\server\ingamemanager.cpp(31): warning C4267: '초기화 중': 'size_t'에서 'int'(으)로 변환하면서 데이터가 손실될 수 있습니다.
e:\unity\projects\forgithub\graffiti\graffiti_server&client\server\server\ingamemanager.cpp(116): warning C4101: 'mainW' :참조되지 않은 지역 변수입니다.
e:\unity\projects\forgithub\graffiti\graffiti_server&client\server\server\ingamemanager.cpp(116): warning C4101: 'subW' :참조되지 않은 지역 변수입니다.
  LobbyManager.cpp
e:\unity\projects\forgithub\graffiti\graffiti_server&client\server\server\databasemanager.h(3): fatal error C1083: 포함 파일을 열 수 없습니다. 'mysql.h': No such file or directory
  LoginManager.cpp
e:\unity\projects\forgithub\graffiti\graffiti_server&client\server\server\databasemanager.h(3): fatal error C1083: 포함 파일을 열 수 없습니다. 'mysql.h': No such file or directory
  LogManager.cpp
  Main.cpp
  MainManager.cpp
e:\unity\projects\forgithub\graffiti\graffiti_server&client\server\server\databasemanager.h(3): fatal error C1083: 포함 파일을 열 수 없습니다. 'mysql.h': No such file or directory
  MatchManager.cpp
  RoomManager.cpp
  SessionManager.cpp
e:\unity\projects\forgithub\graffiti\graffiti_server&client\server\server\databasemanager.h(3): fatal error C1083: 포함 파일을 열 수 없습니다. 'mysql.h': No such file or directory
  UtilityManager.cpp
e:\unity\projects\forgithub\graffiti\graffiti_server&client\server\server\utilitymanager.cpp(48): warning C4267: '인수': 'size_t'에서 'int'(으)로 변환하면서 데이터가 손실될 수 있습니다.
e:\unity\projects\forgithub\graffiti\graffiti_server&client\server\server\utilitymanager.cpp(49): warning C4267: '인수': 'size_t'에서 'int'(으)로 변환하면서 데이터가 손실될 수 있습니다.
  코드를 생성하고 있습니다...
