#
# There is insufficient memory for the Java Runtime Environment to continue.
# Native memory allocation (malloc) failed to allocate 1048576 bytes for AllocateHeap
# Possible reasons:
#   The system is out of physical RAM or swap space
#   In 32 bit mode, the process size limit was hit
# Possible solutions:
#   Reduce memory load on the system
#   Increase physical memory or swap space
#   Check if swap backing store is full
#   Use 64 bit Java on a 64 bit OS
#   Decrease Java heap size (-Xmx/-Xms)
#   Decrease number of Java threads
#   Decrease Java thread stack sizes (-Xss)
#   Set larger code cache with -XX:ReservedCodeCacheSize=
# This output file may be truncated or incomplete.
#
#  Out of Memory Error (memory/allocation.inline.hpp:61), pid=27948, tid=0x00000000000064c0
#
# JRE version:  (8.0_161-b12) (build )
# Java VM: Java HotSpot(TM) 64-Bit Server VM (25.161-b12 mixed mode windows-amd64 compressed oops)
# Failed to write core dump. Minidumps are not enabled by default on client versions of Windows
#

---------------  T H R E A D  ---------------

Current thread (0x0000000002bd4800):  JavaThread "Unknown thread" [_thread_in_vm, id=25792, stack(0x0000000002ad0000,0x0000000002bd0000)]

Stack: [0x0000000002ad0000,0x0000000002bd0000]
[error occurred during error reporting (printing stack bounds), id 0xc0000005]

Native frames: (J=compiled Java code, j=interpreted, Vv=VM code, C=native code)


---------------  P R O C E S S  ---------------

Java Threads: ( => current thread )

Other Threads:

=>0x0000000002bd4800 (exited) JavaThread "Unknown thread" [_thread_in_vm, id=25792, stack(0x0000000002ad0000,0x0000000002bd0000)]

VM state:not at safepoint (normal execution)

VM Mutex/Monitor currently owned by a thread: None

Heap:
 PSYoungGen      total 76288K, used 1310K [0x000000076ae00000, 0x0000000770300000, 0x00000007c0000000)
  eden space 65536K, 2% used [0x000000076ae00000,0x000000076af47af0,0x000000076ee00000)
  from space 10752K, 0% used [0x000000076f880000,0x000000076f880000,0x0000000770300000)
  to   space 10752K, 0% used [0x000000076ee00000,0x000000076ee00000,0x000000076f880000)
 ParOldGen       total 175104K, used 0K [0x00000006c0a00000, 0x00000006cb500000, 0x000000076ae00000)
  object space 175104K, 0% used [0x00000006c0a00000,0x00000006c0a00000,0x00000006cb500000)
 Metaspace       used 770K, capacity 4480K, committed 4480K, reserved 1056768K
  class space    used 75K, capacity 384K, committed 384K, reserved 1048576K

Card table byte_map: [0x0000000012090000,0x0000000012890000] byte_map_base: 0x000000000ea8b000

Marking Bits: (ParMarkBitMap*) 0x0000000063bff860
 Begin Bits: [0x00000000135f0000, 0x00000000175c8000)
 End Bits:   [0x00000000175c8000, 0x000000001b5a0000)

Polling page: 0x00000000005f0000

CodeCache: size=245760Kb used=328Kb max_used=328Kb free=245431Kb
 bounds [0x0000000002cd0000, 0x0000000002f40000, 0x0000000011cd0000]
 total_blobs=58 nmethods=0 adapters=38
 compilation: enabled

Compilation events (0 events):
No events

GC Heap History (0 events):
No events

Deoptimization events (0 events):
No events

Classes redefined (0 events):
No events

Internal exceptions (0 events):
No events

Events (10 events):
Event: 0.020 loading class java/lang/Short
Event: 0.020 loading class java/lang/Short done
Event: 0.020 loading class java/lang/Integer
Event: 0.020 loading class java/lang/Integer done
Event: 0.020 loading class java/lang/Long
Event: 0.020 loading class java/lang/Long done
Event: 0.021 loading class java/lang/NullPointerException
Event: 0.021 loading class java/lang/NullPointerException done
Event: 0.021 loading class java/lang/ArithmeticException
Event: 0.021 loading class java/lang/ArithmeticException done


Dynamic libraries:
0x00007ff720230000 - 0x00007ff720267000 	C:\Program Files\Java\jdk1.8.0_161\bin\java.exe
0x00007ffc47480000 - 0x00007ffc4766d000 	C:\WINDOWS\SYSTEM32\ntdll.dll
0x00007ffc44dd0000 - 0x00007ffc44e83000 	C:\WINDOWS\System32\KERNEL32.DLL
0x00007ffc43b10000 - 0x00007ffc43da3000 	C:\WINDOWS\System32\KERNELBASE.dll
0x00007ffc446d0000 - 0x00007ffc44773000 	C:\WINDOWS\System32\ADVAPI32.dll
0x00007ffc456d0000 - 0x00007ffc4576e000 	C:\WINDOWS\System32\msvcrt.dll
0x00007ffc46fa0000 - 0x00007ffc4703e000 	C:\WINDOWS\System32\sechost.dll
0x00007ffc44af0000 - 0x00007ffc44c12000 	C:\WINDOWS\System32\RPCRT4.dll
0x00007ffc472b0000 - 0x00007ffc47447000 	C:\WINDOWS\System32\USER32.dll
0x00007ffc438d0000 - 0x00007ffc438f0000 	C:\WINDOWS\System32\win32u.dll
0x00007ffc446a0000 - 0x00007ffc446c9000 	C:\WINDOWS\System32\GDI32.dll
0x00007ffc43970000 - 0x00007ffc43b09000 	C:\WINDOWS\System32\gdi32full.dll
0x00007ffc44600000 - 0x00007ffc446a0000 	C:\WINDOWS\System32\msvcp_win.dll
0x00007ffc43540000 - 0x00007ffc4363a000 	C:\WINDOWS\System32\ucrtbase.dll
0x00007ffc36d10000 - 0x00007ffc36f89000 	C:\WINDOWS\WinSxS\amd64_microsoft.windows.common-controls_6595b64144ccf1df_6.0.17763.802_none_05b1445c0722d2cc\COMCTL32.dll
0x00007ffc46c70000 - 0x00007ffc46f9c000 	C:\WINDOWS\System32\combase.dll
0x00007ffc438f0000 - 0x00007ffc4396e000 	C:\WINDOWS\System32\bcryptPrimitives.dll
0x00007ffc456a0000 - 0x00007ffc456ce000 	C:\WINDOWS\System32\IMM32.DLL
0x0000000063c80000 - 0x0000000063d52000 	C:\Program Files\Java\jdk1.8.0_161\jre\bin\msvcr100.dll
0x00000000633e0000 - 0x0000000063c7f000 	C:\Program Files\Java\jdk1.8.0_161\jre\bin\server\jvm.dll
0x00007ffc44780000 - 0x00007ffc44788000 	C:\WINDOWS\System32\PSAPI.DLL
0x00007ffc34630000 - 0x00007ffc34639000 	C:\WINDOWS\SYSTEM32\WSOCK32.dll
0x00007ffc3e190000 - 0x00007ffc3e19a000 	C:\WINDOWS\SYSTEM32\VERSION.dll
0x00007ffc40d20000 - 0x00007ffc40d44000 	C:\WINDOWS\SYSTEM32\WINMM.dll
0x00007ffc45460000 - 0x00007ffc454cd000 	C:\WINDOWS\System32\WS2_32.dll
0x00007ffc40990000 - 0x00007ffc409bd000 	C:\WINDOWS\SYSTEM32\WINMMBASE.dll
0x00007ffc43640000 - 0x00007ffc4368a000 	C:\WINDOWS\System32\cfgmgr32.dll
0x00000000633d0000 - 0x00000000633df000 	C:\Program Files\Java\jdk1.8.0_161\jre\bin\verify.dll
0x00000000633a0000 - 0x00000000633c9000 	C:\Program Files\Java\jdk1.8.0_161\jre\bin\java.dll
0x0000000063380000 - 0x0000000063396000 	C:\Program Files\Java\jdk1.8.0_161\jre\bin\zip.dll

VM Arguments:
jvm_args: -Dcom.android.sdkmanager.toolsdir=C:\Program Files\Unity\Editor\2019.1.12f1\Editor\Data\PlaybackEngines\AndroidPlayer\SDK\tools\bin\\.. 
java_command: com.android.sdklib.tool.AvdManagerCli list target -c
java_class_path (initial): C:\Program Files\Unity\Editor\2019.1.12f1\Editor\Data\PlaybackEngines\AndroidPlayer\SDK\tools\bin\..\lib\dvlib-26.0.0-dev.jar;C:\Program Files\Unity\Editor\2019.1.12f1\Editor\Data\PlaybackEngines\AndroidPlayer\SDK\tools\bin\..\lib\jimfs-1.1.jar;C:\Program Files\Unity\Editor\2019.1.12f1\Editor\Data\PlaybackEngines\AndroidPlayer\SDK\tools\bin\..\lib\jsr305-1.3.9.jar;C:\Program Files\Unity\Editor\2019.1.12f1\Editor\Data\PlaybackEngines\AndroidPlayer\SDK\tools\bin\..\lib\repository-26.0.0-dev.jar;C:\Program Files\Unity\Editor\2019.1.12f1\Editor\Data\PlaybackEngines\AndroidPlayer\SDK\tools\bin\..\lib\j2objc-annotations-1.1.jar;C:\Program Files\Unity\Editor\2019.1.12f1\Editor\Data\PlaybackEngines\AndroidPlayer\SDK\tools\bin\..\lib\layoutlib-api-26.0.0-dev.jar;C:\Program Files\Unity\Editor\2019.1.12f1\Editor\Data\PlaybackEngines\AndroidPlayer\SDK\tools\bin\..\lib\gson-2.3.jar;C:\Program Files\Unity\Editor\2019.1.12f1\Editor\Data\PlaybackEngines\AndroidPlayer\SDK\tools\bin\..\lib\httpcore-4.2.5.jar;C:\Program Files\Unity\Editor\2019.1.12f1\Editor\Data\PlaybackEngines\AndroidPlayer\SDK\tools\bin\..\lib\commons-logging-1.1.1.jar;C:\Program Files\Unity\Editor\2019.1.12f1\Editor\Data\PlaybackEngines\AndroidPlayer\SDK\tools\bin\..\lib\commons-compress-1.12.jar;C:\Program Files\Unity\Editor\2019.1.12f1\Editor\Data\PlaybackEngines\AndroidPlayer\SDK\tools\bin\..\lib\annotations-26.0.0-dev.jar;C:\Program Files\Unity\Editor\2019.1.12f1\Editor\Data\PlaybackEngines\AndroidPlayer\SDK\tools\bin\..\lib\error_prone_annotations-2.0.18.jar;C:\Program Files\Unity\Editor\2019.1.12f1\Editor\Data\PlaybackEngines\AndroidPlayer\SDK\tools\bin\..\lib\animal-sniffer-annotations-1.14.jar;C:\Program Files\Unity\Editor\2019.1.12f1\Editor\Data\PlaybackEngines\AndroidPlayer\SDK\tools\bin\..\lib\httpclient-4.2.6.jar;C:\Program Files\Unity\Editor\2019.1.12f1\Editor\Data\PlaybackEngines\AndroidPlayer\SDK\tools\bin\..\lib\commons-codec-1.6.jar;C:\Program Files\Unity\Editor\2019.1.
Launcher Type: SUN_STANDARD

Environment Variables:
JAVA_HOME=C:/Program Files/Java/jdk1.8.0_161
PATH=C:\Program Files (x86)\iis express\PHP\v5.4;C:\Program Files (x86)\iis express\PHP\v7.1;C:\ProgramData\Oracle\Java\javapath;C:\Program Files (x86)\Common Files\Oracle\Java\javapath;C:\Program Files\Java\jdk1.8.0_161\bin;C:\Program Files\dotnet\;C:\WINDOWS\system32;C:\WINDOWS;C:\WINDOWS\System32\Wbem;C:\WINDOWS\System32\WindowsPowerShell\v1.0\;C:\WINDOWS\System32\OpenSSH\;C:\Program Files (x86)\NVIDIA Corporation\PhysX\Common;C:\Users\Kimtler\AppData\Local\Microsoft\WindowsApps;C:\Program Files\Microsoft SQL Server\130\Tools\Binn\;C:\Program Files\nodejs\;C:\WINDOWS\system32;C:\WINDOWS;C:\WINDOWS\System32\Wbem;C:\WINDOWS\System32\WindowsPowerShell\v1.0\;C:\WINDOWS\System32\OpenSSH\;C:\windows\system32;C:\Users\Kimtler\AppData\Local\Microsoft\WindowsApps;C:\Users\Kimtler\AppData\Roaming\npm;C:\Users\Kimtler\AppData\Local\atom\bin;C:\WINDOWS\system32\config\systemprofile\AppData\Local\Microsoft\WindowsApps;C:\Program Files\MySQL\MySQL Server 8.0\bin;C:\windows\system32;C:\Users\Kimtler\AppData\Local\Microsoft\WindowsApps;C:\Users\Kimtler\AppData\Roaming\npm;C:\Users\Kimtler\AppData\Local\Microsoft\WindowsApps;C:\Users\Kimtler\AppData\Local\GitHubDesktop\bin;D:\Program Files (x86)\Nmap
USERNAME=Kimtler
OS=Windows_NT
PROCESSOR_IDENTIFIER=Intel64 Family 6 Model 158 Stepping 9, GenuineIntel



---------------  S Y S T E M  ---------------

OS: Windows 10.0 , 64 bit Build 17763 (10.0.17763.475)

CPU:total 8 (initial active 8) (4 cores per cpu, 2 threads per core) family 6 model 158 stepping 9, cmov, cx8, fxsr, mmx, sse, sse2, sse3, ssse3, sse4.1, sse4.2, popcnt, avx, avx2, aes, clmul, erms, 3dnowpref, lzcnt, ht, tsc, tscinvbit, bmi1, bmi2, adx

Memory: 4k page, physical 16734892k(4827404k free), swap 16734892k(6088k free)

vm_info: Java HotSpot(TM) 64-Bit Server VM (25.161-b12) for windows-amd64 JRE (1.8.0_161-b12), built on Dec 19 2017 17:52:25 by "java_re" with MS VC++ 10.0 (VS2010)

time: Tue Nov 12 15:22:48 2019
elapsed time: 0 seconds (0d 0h 0m 0s)

