c:\_programming_\_portfolio\graffiti\server\server\x64\release\server.pch.codeanalysis
c:\_programming_\_portfolio\graffiti\server\server\x64\release\server.pch.codeanalysisast
c:\_programming_\_portfolio\graffiti\server\server\x64\release\stdafx.nativecodeanalysis.xml
c:\_programming_\_portfolio\graffiti\server\server\x64\release\stdafx.obj
c:\_programming_\_portfolio\graffiti\server\server\x64\release\roommanager.nativecodeanalysis.xml
c:\_programming_\_portfolio\graffiti\server\server\x64\release\randommanager.nativecodeanalysis.xml
c:\_programming_\_portfolio\graffiti\server\server\x64\release\matchmanager.nativecodeanalysis.xml
c:\_programming_\_portfolio\graffiti\server\server\x64\release\mainmanager.nativecodeanalysis.xml
c:\_programming_\_portfolio\graffiti\server\server\x64\release\main.nativecodeanalysis.xml
c:\_programming_\_portfolio\graffiti\server\server\x64\release\logmanager.nativecodeanalysis.xml
c:\_programming_\_portfolio\graffiti\server\server\x64\release\loginmanager.nativecodeanalysis.xml
c:\_programming_\_portfolio\graffiti\server\server\x64\release\lobbymanager.nativecodeanalysis.xml
c:\_programming_\_portfolio\graffiti\server\server\x64\release\ingamemanager.nativecodeanalysis.xml
c:\_programming_\_portfolio\graffiti\server\server\x64\release\databasemanager.nativecodeanalysis.xml
c:\_programming_\_portfolio\graffiti\server\server\x64\release\c_socket.nativecodeanalysis.xml
c:\_programming_\_portfolio\graffiti\server\server\x64\release\c_select.nativecodeanalysis.xml
c:\_programming_\_portfolio\graffiti\server\server\x64\release\c_sector.nativecodeanalysis.xml
c:\_programming_\_portfolio\graffiti\server\server\x64\release\c_packet.nativecodeanalysis.xml
c:\_programming_\_portfolio\graffiti\server\server\x64\release\item.nativecodeanalysis.xml
c:\_programming_\_portfolio\graffiti\server\server\x64\release\c_timer.nativecodeanalysis.xml
c:\_programming_\_portfolio\graffiti\server\server\x64\release\c_iocp.nativecodeanalysis.xml
c:\_programming_\_portfolio\graffiti\server\server\x64\release\c_encrypt.nativecodeanalysis.xml
c:\_programming_\_portfolio\graffiti\server\server\x64\release\c_clientinfo.nativecodeanalysis.xml
c:\_programming_\_portfolio\graffiti\server\server\x64\release\chatmanager.nativecodeanalysis.xml
c:\_programming_\_portfolio\graffiti\server\server\x64\release\chatmanager.obj
c:\_programming_\_portfolio\graffiti\server\server\x64\release\c_clientinfo.obj
c:\_programming_\_portfolio\graffiti\server\server\x64\release\c_encrypt.obj
c:\_programming_\_portfolio\graffiti\server\server\x64\release\c_iocp.obj
c:\_programming_\_portfolio\graffiti\server\server\x64\release\c_timer.obj
c:\_programming_\_portfolio\graffiti\server\server\x64\release\item.obj
c:\_programming_\_portfolio\graffiti\server\server\x64\release\c_packet.obj
c:\_programming_\_portfolio\graffiti\server\server\x64\release\c_sector.obj
c:\_programming_\_portfolio\graffiti\server\server\x64\release\c_select.obj
c:\_programming_\_portfolio\graffiti\server\server\x64\release\c_socket.obj
c:\_programming_\_portfolio\graffiti\server\server\x64\release\databasemanager.obj
c:\_programming_\_portfolio\graffiti\server\server\x64\release\ingamemanager.obj
c:\_programming_\_portfolio\graffiti\server\server\x64\release\lobbymanager.obj
c:\_programming_\_portfolio\graffiti\server\server\x64\release\loginmanager.obj
c:\_programming_\_portfolio\graffiti\server\server\x64\release\logmanager.obj
c:\_programming_\_portfolio\graffiti\server\server\x64\release\main.obj
c:\_programming_\_portfolio\graffiti\server\server\x64\release\mainmanager.obj
c:\_programming_\_portfolio\graffiti\server\server\x64\release\matchmanager.obj
c:\_programming_\_portfolio\graffiti\server\server\x64\release\randommanager.obj
c:\_programming_\_portfolio\graffiti\server\server\x64\release\roommanager.obj
c:\_programming_\_portfolio\graffiti\server\server\x64\release\utilitymanager.nativecodeanalysis.xml
c:\_programming_\_portfolio\graffiti\server\server\x64\release\sessionmanager.nativecodeanalysis.xml
c:\_programming_\_portfolio\graffiti\server\server\x64\release\sessionmanager.obj
c:\_programming_\_portfolio\graffiti\server\server\x64\release\utilitymanager.obj
c:\_programming_\_portfolio\graffiti\server\x64\release\server.exe
c:\_programming_\_portfolio\graffiti\server\x64\release\server.pdb
c:\_programming_\_portfolio\graffiti\server\x64\release\server.ipdb
c:\_programming_\_portfolio\graffiti\server\x64\release\server.iobj
c:\_programming_\_portfolio\graffiti\server\server\x64\release\nativecodeanalysis.read.1.tlog
c:\_programming_\_portfolio\graffiti\server\server\x64\release\vc.nativecodeanalysis.all.xml
c:\_programming_\_portfolio\graffiti\server\x64\release\server.exe.lastcodeanalysissucceeded
c:\_programming_\_portfolio\graffiti\server\server\x64\release\server.tlog\cl.command.1.tlog
c:\_programming_\_portfolio\graffiti\server\server\x64\release\server.tlog\cl.read.1.tlog
c:\_programming_\_portfolio\graffiti\server\server\x64\release\server.tlog\cl.write.1.tlog
c:\_programming_\_portfolio\graffiti\server\server\x64\release\server.tlog\link.command.1.tlog
c:\_programming_\_portfolio\graffiti\server\server\x64\release\server.tlog\link.read.1.tlog
c:\_programming_\_portfolio\graffiti\server\server\x64\release\server.tlog\link.write.1.tlog
c:\_programming_\_portfolio\graffiti\server\server\x64\release\server.tlog\server.write.1u.tlog
